Using pre-set license
Built from '2022.3/staging' branch; Version is '2022.3.13f1 (5f90a5ebde0f) revision 6262949'; Using compiler version '192829333'; Build Type 'Release'
OS: 'Windows 11  (10.0.22621) 64bit CoreSingleLanguage' Language: 'en' Physical Memory: 5996 MB
BatchMode: 1, IsHumanControllingUs: 0, StartBugReporterOnCrash: 0, Is64bit: 1, IsPro: 1

COMMAND LINE ARGUMENTS:
D:\Unity\Hub\Editor\2022.3.13f1\Editor\Unity.exe
-adb2
-batchMode
-noUpm
-name
AssetImportWorker1
-projectPath
D:/pacman
-logFile
Logs/AssetImportWorker1.log
-srvPort
60386
Successfully changed project path to: D:/pacman
D:/pacman
[UnityMemory] Configuration Parameters - Can be set up in boot.config
    "memorysetup-bucket-allocator-granularity=16"
    "memorysetup-bucket-allocator-bucket-count=8"
    "memorysetup-bucket-allocator-block-size=33554432"
    "memorysetup-bucket-allocator-block-count=8"
    "memorysetup-main-allocator-block-size=16777216"
    "memorysetup-thread-allocator-block-size=16777216"
    "memorysetup-gfx-main-allocator-block-size=16777216"
    "memorysetup-gfx-thread-allocator-block-size=16777216"
    "memorysetup-cache-allocator-block-size=4194304"
    "memorysetup-typetree-allocator-block-size=2097152"
    "memorysetup-profiler-bucket-allocator-granularity=16"
    "memorysetup-profiler-bucket-allocator-bucket-count=8"
    "memorysetup-profiler-bucket-allocator-block-size=33554432"
    "memorysetup-profiler-bucket-allocator-block-count=8"
    "memorysetup-profiler-allocator-block-size=16777216"
    "memorysetup-profiler-editor-allocator-block-size=1048576"
    "memorysetup-temp-allocator-size-main=16777216"
    "memorysetup-job-temp-allocator-block-size=2097152"
    "memorysetup-job-temp-allocator-block-size-background=1048576"
    "memorysetup-job-temp-allocator-reduction-small-platforms=262144"
    "memorysetup-allocator-temp-initial-block-size-main=262144"
    "memorysetup-allocator-temp-initial-block-size-worker=262144"
    "memorysetup-temp-allocator-size-background-worker=32768"
    "memorysetup-temp-allocator-size-job-worker=262144"
    "memorysetup-temp-allocator-size-preload-manager=33554432"
    "memorysetup-temp-allocator-size-nav-mesh-worker=65536"
    "memorysetup-temp-allocator-size-audio-worker=65536"
    "memorysetup-temp-allocator-size-cloud-worker=32768"
    "memorysetup-temp-allocator-size-gi-baking-worker=262144"
    "memorysetup-temp-allocator-size-gfx=262144"
Player connection [7916] Host "[IP] 192.168.1.243 [Port] 0 [Flags] 2 [Guid] 3990297443 [EditorId] 3990297443 [Version] 1048832 [Id] WindowsEditor(7,LAPTOP-ECTV8EAG) [Debug] 1 [PackageName] WindowsEditor [ProjectName] Editor" joined multi-casting on [225.0.0.222:54997]...

Player connection [7916] Host "[IP] 192.168.1.243 [Port] 0 [Flags] 2 [Guid] 3990297443 [EditorId] 3990297443 [Version] 1048832 [Id] WindowsEditor(7,LAPTOP-ECTV8EAG) [Debug] 1 [PackageName] WindowsEditor [ProjectName] Editor" joined alternative multi-casting on [225.0.0.222:34997]...

[Physics::Module] Initialized MultithreadedJobDispatcher with 15 workers.
Refreshing native plugins compatible for Editor in 0.00 ms, found 0 plugins.
Preloading 0 native plugins for Editor in 0.00 ms.
Initialize engine version: 2022.3.13f1 (5f90a5ebde0f)
[Subsystems] Discovering subsystems at path D:/Unity/Hub/Editor/2022.3.13f1/Editor/Data/Resources/UnitySubsystems
[Subsystems] Discovering subsystems at path D:/pacman/Assets
GfxDevice: creating device client; threaded=0; jobified=0
Direct3D:
    Version:  Direct3D 11.0 [level 11.1]
    Renderer: NVIDIA GeForce RTX 3050 Ti Laptop GPU (ID=0x25e0)
    Vendor:   NVIDIA
    VRAM:     3976 MB
    Driver:   31.0.15.2756
Initialize mono
Mono path[0] = 'D:/Unity/Hub/Editor/2022.3.13f1/Editor/Data/Managed'
Mono path[1] = 'D:/Unity/Hub/Editor/2022.3.13f1/Editor/Data/MonoBleedingEdge/lib/mono/unityjit-win32'
Mono config path = 'D:/Unity/Hub/Editor/2022.3.13f1/Editor/Data/MonoBleedingEdge/etc'
Using monoOptions --debugger-agent=transport=dt_socket,embedding=1,server=y,suspend=n,address=127.0.0.1:56192
Begin MonoManager ReloadAssembly
Registering precompiled unity dll's ...
Register platform support module: D:/Unity/Hub/Editor/2022.3.13f1/Editor/Data/PlaybackEngines/WebGLSupport/UnityEditor.WebGL.Extensions.dll
Register platform support module: D:/Unity/Hub/Editor/2022.3.13f1/Editor/Data/PlaybackEngines/WindowsStandaloneSupport/UnityEditor.WindowsStandalone.Extensions.dll
Registered in 0.005545 seconds.
- Loaded All Assemblies, in  0.513 seconds
Native extension for WindowsStandalone target not found
Native extension for WebGL target not found
Mono: successfully reloaded assembly
- Finished resetting the current domain, in  0.301 seconds
Domain Reload Profiling: 813ms
	BeginReloadAssembly (184ms)
		ExecutionOrderSort (0ms)
		DisableScriptedObjects (0ms)
		BackupInstance (0ms)
		ReleaseScriptingObjects (0ms)
		CreateAndSetChildDomain (1ms)
	RebuildCommonClasses (39ms)
	RebuildNativeTypeToScriptingClass (12ms)
	initialDomainReloadingComplete (65ms)
	LoadAllAssembliesAndSetupDomain (212ms)
		LoadAssemblies (185ms)
		RebuildTransferFunctionScriptingTraits (0ms)
		AnalyzeDomain (206ms)
			TypeCache.Refresh (204ms)
				TypeCache.ScanAssembly (183ms)
			ScanForSourceGeneratedMonoScriptInfo (1ms)
			ResolveRequiredComponents (0ms)
	FinalizeReload (301ms)
		ReleaseScriptCaches (0ms)
		RebuildScriptCaches (0ms)
		SetupLoadedEditorAssemblies (235ms)
			LogAssemblyErrors (0ms)
			InitializePlatformSupportModulesInManaged (10ms)
			SetLoadedEditorAssemblies (6ms)
			RefreshPlugins (0ms)
			BeforeProcessingInitializeOnLoad (2ms)
			ProcessInitializeOnLoadAttributes (157ms)
			ProcessInitializeOnLoadMethodAttributes (59ms)
			AfterProcessingInitializeOnLoad (0ms)
			EditorAssembliesLoaded (0ms)
		ExecutionOrderSort2 (0ms)
		AwakeInstancesAfterBackupRestoration (0ms)
========================================================================
Worker process is ready to serve import requests
Begin MonoManager ReloadAssembly
- Loaded All Assemblies, in  0.328 seconds
Refreshing native plugins compatible for Editor in 0.00 ms, found 0 plugins.
Native extension for WindowsStandalone target not found
Native extension for WebGL target not found
Mono: successfully reloaded assembly
- Finished resetting the current domain, in  0.381 seconds
Domain Reload Profiling: 710ms
	BeginReloadAssembly (237ms)
		ExecutionOrderSort (0ms)
		DisableScriptedObjects (6ms)
		BackupInstance (0ms)
		ReleaseScriptingObjects (0ms)
		CreateAndSetChildDomain (31ms)
	RebuildCommonClasses (42ms)
	RebuildNativeTypeToScriptingClass (11ms)
	initialDomainReloadingComplete (27ms)
	LoadAllAssembliesAndSetupDomain (11ms)
		LoadAssemblies (161ms)
		RebuildTransferFunctionScriptingTraits (0ms)
		AnalyzeDomain (7ms)
			TypeCache.Refresh (5ms)
				TypeCache.ScanAssembly (0ms)
			ScanForSourceGeneratedMonoScriptInfo (0ms)
			ResolveRequiredComponents (0ms)
	FinalizeReload (382ms)
		ReleaseScriptCaches (0ms)
		RebuildScriptCaches (0ms)
		SetupLoadedEditorAssemblies (223ms)
			LogAssemblyErrors (0ms)
			InitializePlatformSupportModulesInManaged (7ms)
			SetLoadedEditorAssemblies (6ms)
			RefreshPlugins (0ms)
			BeforeProcessingInitializeOnLoad (33ms)
			ProcessInitializeOnLoadAttributes (150ms)
			ProcessInitializeOnLoadMethodAttributes (25ms)
			AfterProcessingInitializeOnLoad (2ms)
			EditorAssembliesLoaded (0ms)
		ExecutionOrderSort2 (0ms)
		AwakeInstancesAfterBackupRestoration (9ms)
Launched and connected shader compiler UnityShaderCompiler.exe after 0.11 seconds
Refreshing native plugins compatible for Editor in 0.00 ms, found 0 plugins.
Preloading 0 native plugins for Editor in 0.00 ms.
Unloading 9 Unused Serialized files (Serialized files now loaded: 0)
Unloading 3 unused Assets / (420.2 KB). Loaded Objects now: 480.
Memory consumption went from 53.1 MB to 52.7 MB.
Total: 3.607000 ms (FindLiveObjects: 0.134500 ms CreateObjectMapping: 0.015600 ms MarkObjects: 3.336600 ms  DeleteObjects: 0.115100 ms)

AssetImportParameters requested are different than current active one (requested -> active):
  custom:video-decoder-ogg-theora: a1e56fd34408186e4bbccfd4996cb3dc -> 
  custom:container-muxer-webm: aa71ff27fc2769a1b78a27578f13a17b -> 
  custom:container-demuxer-webm: 4f35f7cbe854078d1ac9338744f61a02 -> 
  custom:video-encoder-webm-vp8: eb34c28f22e8b96e1ab97ce403110664 -> 
  custom:video-codec-MediaFoundation-h265: 746d11721c4dcdbdad8f713fa42b33f4 -> 
  custom:audio-encoder-webm-vorbis: bf7c407c2cedff20999df2af8eb42d56 -> 
  custom:framework-win-MediaFoundation: 216162199b28c13a410421893ffa2e32 -> 
  custom:container-demuxer-ogg: 62fdf1f143b41e24485cea50d1cbac27 -> 
  custom:video-decoder-webm-vp8: 9c59270c3fd7afecdb556c50c9e8de78 -> 
  custom:audio-decoder-ogg-vorbis: bf7c407c2cedff20999df2af8eb42d56 -> 
  custom:AudioImporter_EditorPlatform: d09bf68614088b80899f8185d706f6e7 -> 
========================================================================
Received Import Request.
  Time since last request: 120898.288329 seconds.
  path: Assets/Sprites/Pacman_Death_01.png
  artifactKey: Guid(d8d192e3c8ba01d458564964604b3a03) Importer(815301076,1909f56bfc062723c751e8b465ee728b)
Start importing Assets/Sprites/Pacman_Death_01.png using Guid(d8d192e3c8ba01d458564964604b3a03) Importer(815301076,1909f56bfc062723c751e8b465ee728b)  -> (artifact id: 'bc719b00b1a8b9ef9df7a10f64b556fd') in 0.133711 seconds
Number of updated asset objects reloaded before import = 0
Number of asset objects unloaded after import = 3
========================================================================
Received Import Request.
  Time since last request: 0.000027 seconds.
  path: Assets/Sprites/Wall_04.png
  artifactKey: Guid(3c33630c65e64f9448a8e10fb0f0aa01) Importer(815301076,1909f56bfc062723c751e8b465ee728b)
Start importing Assets/Sprites/Wall_04.png using Guid(3c33630c65e64f9448a8e10fb0f0aa01) Importer(815301076,1909f56bfc062723c751e8b465ee728b)  -> (artifact id: 'cb49a229bf46412a882232b88f329729') in 0.022530 seconds
Number of updated asset objects reloaded before import = 0
Number of asset objects unloaded after import = 3
========================================================================
Received Import Request.
  Time since last request: 0.000040 seconds.
  path: Assets/Sprites/Ghost_Vulnerable_White_01.png
  artifactKey: Guid(a64bb6c869df38040b9689901e9b61f5) Importer(815301076,1909f56bfc062723c751e8b465ee728b)
Start importing Assets/Sprites/Ghost_Vulnerable_White_01.png using Guid(a64bb6c869df38040b9689901e9b61f5) Importer(815301076,1909f56bfc062723c751e8b465ee728b)  -> (artifact id: 'db3ca9d18427224e88f95b99c0090a82') in 0.020490 seconds
Number of updated asset objects reloaded before import = 0
Number of asset objects unloaded after import = 3
========================================================================
Received Import Request.
  Time since last request: 0.000021 seconds.
  path: Assets/Sprites/Ghost_Eyes_Left.png
  artifactKey: Guid(51b6642456a7f8643ae6816e2c172fe0) Importer(815301076,1909f56bfc062723c751e8b465ee728b)
Start importing Assets/Sprites/Ghost_Eyes_Left.png using Guid(51b6642456a7f8643ae6816e2c172fe0) Importer(815301076,1909f56bfc062723c751e8b465ee728b)  -> (artifact id: 'd5b171b097dd318141a59ce32c7f1ece') in 0.020214 seconds
Number of updated asset objects reloaded before import = 0
Number of asset objects unloaded after import = 3
========================================================================
Received Import Request.
  Time since last request: 0.000023 seconds.
  path: Assets/Sprites/Pacman_Death_04.png
  artifactKey: Guid(bdbc7b0ad8ffd854798d4df80a859096) Importer(815301076,1909f56bfc062723c751e8b465ee728b)
Start importing Assets/Sprites/Pacman_Death_04.png using Guid(bdbc7b0ad8ffd854798d4df80a859096) Importer(815301076,1909f56bfc062723c751e8b465ee728b)  -> (artifact id: '32a6eebfae160d2b1c5a2cab35ac1f2d') in 0.020125 seconds
Number of updated asset objects reloaded before import = 0
Number of asset objects unloaded after import = 3
========================================================================
Received Import Request.
  Time since last request: 0.000037 seconds.
  path: Assets/Sprites/Wall_20.png
  artifactKey: Guid(e4cfe010bced86844b59313a1e7128af) Importer(815301076,1909f56bfc062723c751e8b465ee728b)
Start importing Assets/Sprites/Wall_20.png using Guid(e4cfe010bced86844b59313a1e7128af) Importer(815301076,1909f56bfc062723c751e8b465ee728b)  -> (artifact id: '4bd6ddad7d92b74abdd6a384bf7e0e90') in 0.023639 seconds
Number of updated asset objects reloaded before import = 0
Number of asset objects unloaded after import = 3
========================================================================
Received Import Request.
  Time since last request: 0.000039 seconds.
  path: Assets/Sprites/Wall_15.png
  artifactKey: Guid(4f24ceb7b188a5e42b8d4e707bfd11c8) Importer(815301076,1909f56bfc062723c751e8b465ee728b)
Start importing Assets/Sprites/Wall_15.png using Guid(4f24ceb7b188a5e42b8d4e707bfd11c8) Importer(815301076,1909f56bfc062723c751e8b465ee728b)  -> (artifact id: 'b3285fdfe834e1f37c952355b771fad7') in 0.024264 seconds
Number of updated asset objects reloaded before import = 0
Number of asset objects unloaded after import = 3
========================================================================
Received Import Request.
  Time since last request: 0.000030 seconds.
  path: Assets/Sprites/Wall_17.png
  artifactKey: Guid(19f6fff3d7ee49e4eaeeac5b280d6b6c) Importer(815301076,1909f56bfc062723c751e8b465ee728b)
Start importing Assets/Sprites/Wall_17.png using Guid(19f6fff3d7ee49e4eaeeac5b280d6b6c) Importer(815301076,1909f56bfc062723c751e8b465ee728b)  -> (artifact id: '1280a1324cebe4d1062bc4063d375184') in 0.020899 seconds
Number of updated asset objects reloaded before import = 0
Number of asset objects unloaded after import = 3
========================================================================
Received Import Request.
  Time since last request: 0.000022 seconds.
  path: Assets/Sprites/Wall_21.png
  artifactKey: Guid(8443d3536c338fc418b3566c4cf6c0aa) Importer(815301076,1909f56bfc062723c751e8b465ee728b)
Start importing Assets/Sprites/Wall_21.png using Guid(8443d3536c338fc418b3566c4cf6c0aa) Importer(815301076,1909f56bfc062723c751e8b465ee728b)  -> (artifact id: '7d8e2d42506f6c1acad5c4cf0ddffc09') in 0.021521 seconds
Number of updated asset objects reloaded before import = 0
Number of asset objects unloaded after import = 3
========================================================================
Received Import Request.
  Time since last request: 0.000031 seconds.
  path: Assets/Sprites/Wall_18.png
  artifactKey: Guid(0c9e4abbe04abd14e86c615483564ce5) Importer(815301076,1909f56bfc062723c751e8b465ee728b)
Start importing Assets/Sprites/Wall_18.png using Guid(0c9e4abbe04abd14e86c615483564ce5) Importer(815301076,1909f56bfc062723c751e8b465ee728b)  -> (artifact id: '2d0daa53ee4d2010a291aab9f5b48b1c') in 0.024022 seconds
Number of updated asset objects reloaded before import = 0
Number of asset objects unloaded after import = 3
========================================================================
Received Import Request.
  Time since last request: 0.000023 seconds.
  path: Assets/Sprites/Fruit_Key.png
  artifactKey: Guid(e543f7c502b863a4c8692c7301d90437) Importer(815301076,1909f56bfc062723c751e8b465ee728b)
Start importing Assets/Sprites/Fruit_Key.png using Guid(e543f7c502b863a4c8692c7301d90437) Importer(815301076,1909f56bfc062723c751e8b465ee728b)  -> (artifact id: '223d6c085a2f9f71c1a8d8d3af3243ae') in 0.024280 seconds
Number of updated asset objects reloaded before import = 0
Number of asset objects unloaded after import = 3
========================================================================
Received Import Request.
  Time since last request: 0.000038 seconds.
  path: Assets/Sprites/Pacman_03.png
  artifactKey: Guid(1163e444fd47edd45b27d35948118c8b) Importer(815301076,1909f56bfc062723c751e8b465ee728b)
Start importing Assets/Sprites/Pacman_03.png using Guid(1163e444fd47edd45b27d35948118c8b) Importer(815301076,1909f56bfc062723c751e8b465ee728b)  -> (artifact id: '7d4dda177b5a24e93bfd521dc725c8a6') in 0.024060 seconds
Number of updated asset objects reloaded before import = 0
Number of asset objects unloaded after import = 3
========================================================================
Received Import Request.
  Time since last request: 0.000030 seconds.
  path: Assets/Sprites/Wall_22.png
  artifactKey: Guid(5668aeb743a30784ebf7f90ae48ecabb) Importer(815301076,1909f56bfc062723c751e8b465ee728b)
Start importing Assets/Sprites/Wall_22.png using Guid(5668aeb743a30784ebf7f90ae48ecabb) Importer(815301076,1909f56bfc062723c751e8b465ee728b)  -> (artifact id: 'cf29637038faaa8ad68ea2ea7c350dfe') in 0.021621 seconds
Number of updated asset objects reloaded before import = 0
Number of asset objects unloaded after import = 3
========================================================================
Received Import Request.
  Time since last request: 0.000029 seconds.
  path: Assets/Sprites/Wall_16.png
  artifactKey: Guid(0c234b9bad3d19c4d96aebba3734a610) Importer(815301076,1909f56bfc062723c751e8b465ee728b)
Start importing Assets/Sprites/Wall_16.png using Guid(0c234b9bad3d19c4d96aebba3734a610) Importer(815301076,1909f56bfc062723c751e8b465ee728b)  -> (artifact id: '86efceea0a1eb0c2f7d53d8089a7e85d') in 0.017573 seconds
Number of updated asset objects reloaded before import = 0
Number of asset objects unloaded after import = 3
========================================================================
Received Prepare
Refreshing native plugins compatible for Editor in 0.00 ms, found 0 plugins.
Preloading 0 native plugins for Editor in 0.00 ms.
Unloading 0 Unused Serialized files (Serialized files now loaded: 0)
Unloading 1 unused Assets / (0.8 KB). Loaded Objects now: 496.
Memory consumption went from 56.8 MB to 56.8 MB.
Total: 6.993800 ms (FindLiveObjects: 0.093300 ms CreateObjectMapping: 0.010900 ms MarkObjects: 6.839300 ms  DeleteObjects: 0.048600 ms)

Prepare: number of updated asset objects reloaded= 0
AssetImportParameters requested are different than current active one (requested -> active):
  custom:video-decoder-ogg-theora: a1e56fd34408186e4bbccfd4996cb3dc -> 
  custom:container-muxer-webm: aa71ff27fc2769a1b78a27578f13a17b -> 
  custom:container-demuxer-webm: 4f35f7cbe854078d1ac9338744f61a02 -> 
  custom:video-encoder-webm-vp8: eb34c28f22e8b96e1ab97ce403110664 -> 
  custom:video-codec-MediaFoundation-h265: 746d11721c4dcdbdad8f713fa42b33f4 -> 
  custom:CustomObjectIndexerAttribute: 756ad292c208cfabdd7b50bc23989ffe -> 
  custom:audio-encoder-webm-vorbis: bf7c407c2cedff20999df2af8eb42d56 -> 
  custom:framework-win-MediaFoundation: 216162199b28c13a410421893ffa2e32 -> 
  custom:SearchIndexIgnoredProperties: e643bd26f0fe6173181afceb89e7c659 -> 
  custom:container-demuxer-ogg: 62fdf1f143b41e24485cea50d1cbac27 -> 
  custom:video-decoder-webm-vp8: 9c59270c3fd7afecdb556c50c9e8de78 -> 
  custom:audio-decoder-ogg-vorbis: bf7c407c2cedff20999df2af8eb42d56 -> 
  custom:AudioImporter_EditorPlatform: d09bf68614088b80899f8185d706f6e7 -> 
========================================================================
Received Import Request.
  Time since last request: 102.265339 seconds.
  path: Assets/Tiles/Pellet_Tile.asset
  artifactKey: Guid(27dd715d490838443b9dfb8d85a03b64) Importer(815301076,1909f56bfc062723c751e8b465ee728b)
Start importing Assets/Tiles/Pellet_Tile.asset using Guid(27dd715d490838443b9dfb8d85a03b64) Importer(815301076,1909f56bfc062723c751e8b465ee728b)  -> (artifact id: '85cae6e5636fdb8ba9395d3b1acbcc9f') in 0.001863 seconds
Number of updated asset objects reloaded before import = 0
Number of asset objects unloaded after import = 1
========================================================================
Received Import Request.
  Time since last request: 0.018286 seconds.
  path: Assets/Tiles/PowerPellet_Tile.asset
  artifactKey: Guid(0489d1ae55471fe4db253ea6e53f73d9) Importer(815301076,1909f56bfc062723c751e8b465ee728b)
Start importing Assets/Tiles/PowerPellet_Tile.asset using Guid(0489d1ae55471fe4db253ea6e53f73d9) Importer(815301076,1909f56bfc062723c751e8b465ee728b)  -> (artifact id: '93b73f2f9d55139abaca143cacaf0cf1') in 0.002577 seconds
Number of updated asset objects reloaded before import = 0
Number of asset objects unloaded after import = 1
========================================================================
Received Import Request.
  Time since last request: 0.018780 seconds.
  path: Assets/Tiles/Wall_03.asset
  artifactKey: Guid(9dd8224fdb80f974cbe934f0b2661fba) Importer(815301076,1909f56bfc062723c751e8b465ee728b)
Start importing Assets/Tiles/Wall_03.asset using Guid(9dd8224fdb80f974cbe934f0b2661fba) Importer(815301076,1909f56bfc062723c751e8b465ee728b)  -> (artifact id: '66a580a27fc2ca00ebd6b280dec42c67') in 0.042291 seconds
Number of updated asset objects reloaded before import = 0
Number of asset objects unloaded after import = 3
========================================================================
Received Import Request.
  Time since last request: 0.000040 seconds.
  path: Assets/Tiles/Wall_36.asset
  artifactKey: Guid(02802d5556c290a4a96ae66a66d14b1f) Importer(815301076,1909f56bfc062723c751e8b465ee728b)
Start importing Assets/Tiles/Wall_36.asset using Guid(02802d5556c290a4a96ae66a66d14b1f) Importer(815301076,1909f56bfc062723c751e8b465ee728b)  -> (artifact id: '52eddac6d59e016870255840955542af') in 0.034341 seconds
Number of updated asset objects reloaded before import = 0
Number of asset objects unloaded after import = 3
========================================================================
Received Import Request.
  Time since last request: 0.000048 seconds.
  path: Assets/Tiles/Wall_04.asset
  artifactKey: Guid(e2ce99e0eab65f846a1857e4aef773a8) Importer(815301076,1909f56bfc062723c751e8b465ee728b)
Start importing Assets/Tiles/Wall_04.asset using Guid(e2ce99e0eab65f846a1857e4aef773a8) Importer(815301076,1909f56bfc062723c751e8b465ee728b)  -> (artifact id: '8a1e47df613e4c59fa8e6216fada96b1') in 0.027040 seconds
Number of updated asset objects reloaded before import = 0
Number of asset objects unloaded after import = 3
========================================================================
Received Import Request.
  Time since last request: 0.000039 seconds.
  path: Assets/Tiles/Wall_23.asset
  artifactKey: Guid(d4b152b419819f24e9304aeb266e89e2) Importer(815301076,1909f56bfc062723c751e8b465ee728b)
Start importing Assets/Tiles/Wall_23.asset using Guid(d4b152b419819f24e9304aeb266e89e2) Importer(815301076,1909f56bfc062723c751e8b465ee728b)  -> (artifact id: 'b8ce44b9d79d68589908117a41e8fbf1') in 0.017635 seconds
Number of updated asset objects reloaded before import = 0
Number of asset objects unloaded after import = 3
========================================================================
Received Import Request.
  Time since last request: 0.000086 seconds.
  path: Assets/Tiles/Wall_27.asset
  artifactKey: Guid(69f5ddb8d0371b64593afb2a4af887db) Importer(815301076,1909f56bfc062723c751e8b465ee728b)
Start importing Assets/Tiles/Wall_27.asset using Guid(69f5ddb8d0371b64593afb2a4af887db) Importer(815301076,1909f56bfc062723c751e8b465ee728b)  -> (artifact id: 'b136504b63859e941d93bacfec512986') in 0.021759 seconds
Number of updated asset objects reloaded before import = 0
Number of asset objects unloaded after import = 3
========================================================================
Received Import Request.
  Time since last request: 0.000119 seconds.
  path: Assets/Tiles/Wall_18.asset
  artifactKey: Guid(9b6c2baf917f80849aaf8a9f099841fb) Importer(815301076,1909f56bfc062723c751e8b465ee728b)
Start importing Assets/Tiles/Wall_18.asset using Guid(9b6c2baf917f80849aaf8a9f099841fb) Importer(815301076,1909f56bfc062723c751e8b465ee728b)  -> (artifact id: 'f19d9ab8c27f85d949a6920d83de7f65') in 0.027300 seconds
Number of updated asset objects reloaded before import = 0
Number of asset objects unloaded after import = 3
========================================================================
Received Import Request.
  Time since last request: 0.000056 seconds.
  path: Assets/Tiles/Wall_37.asset
  artifactKey: Guid(82ebcde2731c03549a147a459687e65a) Importer(815301076,1909f56bfc062723c751e8b465ee728b)
Start importing Assets/Tiles/Wall_37.asset using Guid(82ebcde2731c03549a147a459687e65a) Importer(815301076,1909f56bfc062723c751e8b465ee728b)  -> (artifact id: 'da6988418d63c176cffbafe79b3837c7') in 0.022319 seconds
Number of updated asset objects reloaded before import = 0
Number of asset objects unloaded after import = 3
========================================================================
Received Import Request.
  Time since last request: 0.000028 seconds.
  path: Assets/Tiles/Wall_11.asset
  artifactKey: Guid(c86e44e75d5fc5946918e7a15d8cd88f) Importer(815301076,1909f56bfc062723c751e8b465ee728b)
Start importing Assets/Tiles/Wall_11.asset using Guid(c86e44e75d5fc5946918e7a15d8cd88f) Importer(815301076,1909f56bfc062723c751e8b465ee728b)  -> (artifact id: '0de95d04e98d35fddc6e9cb9d02e1828') in 0.019314 seconds
Number of updated asset objects reloaded before import = 0
Number of asset objects unloaded after import = 3
========================================================================
Received Import Request.
  Time since last request: 0.000033 seconds.
  path: Assets/Tiles/Wall_10.asset
  artifactKey: Guid(a9d7b69b7787dc24485d022fbf3c6a5d) Importer(815301076,1909f56bfc062723c751e8b465ee728b)
Start importing Assets/Tiles/Wall_10.asset using Guid(a9d7b69b7787dc24485d022fbf3c6a5d) Importer(815301076,1909f56bfc062723c751e8b465ee728b)  -> (artifact id: 'b74b3ac7a075548ae5ad9bd7cac011fb') in 0.022425 seconds
Number of updated asset objects reloaded before import = 0
Number of asset objects unloaded after import = 3
========================================================================
Received Import Request.
  Time since last request: 0.000044 seconds.
  path: Assets/Tiles/Wall_21.asset
  artifactKey: Guid(0d8c1f99efe70854a9f2c709a4b42641) Importer(815301076,1909f56bfc062723c751e8b465ee728b)
Start importing Assets/Tiles/Wall_21.asset using Guid(0d8c1f99efe70854a9f2c709a4b42641) Importer(815301076,1909f56bfc062723c751e8b465ee728b)  -> (artifact id: 'eb3ef3617cdae711edacddc2ef77867d') in 0.021791 seconds
Number of updated asset objects reloaded before import = 0
Number of asset objects unloaded after import = 3
========================================================================
Received Import Request.
  Time since last request: 0.000022 seconds.
  path: Assets/Tiles/Wall_14.asset
  artifactKey: Guid(726e1a14a6e25a34fb3fca918b9a52de) Importer(815301076,1909f56bfc062723c751e8b465ee728b)
Start importing Assets/Tiles/Wall_14.asset using Guid(726e1a14a6e25a34fb3fca918b9a52de) Importer(815301076,1909f56bfc062723c751e8b465ee728b)  -> (artifact id: '11ebe0af0bedd352d7ee59d4ed5fb58d') in 0.011654 seconds
Number of updated asset objects reloaded before import = 0
Number of asset objects unloaded after import = 3
========================================================================
Received Import Request.
  Time since last request: 0.000018 seconds.
  path: Assets/Tiles/Wall_25.asset
  artifactKey: Guid(6e01bc6f1a8241645809113ab9cb734c) Importer(815301076,1909f56bfc062723c751e8b465ee728b)
Start importing Assets/Tiles/Wall_25.asset using Guid(6e01bc6f1a8241645809113ab9cb734c) Importer(815301076,1909f56bfc062723c751e8b465ee728b)  -> (artifact id: '69839306336b4c9d48b5e2e4c4712fee') in 0.009448 seconds
Number of updated asset objects reloaded before import = 0
Number of asset objects unloaded after import = 3
========================================================================
Received Import Request.
  Time since last request: 0.000016 seconds.
  path: Assets/Tiles/Wall_20.asset
  artifactKey: Guid(8eb548a46da800345ac7693977868598) Importer(815301076,1909f56bfc062723c751e8b465ee728b)
Start importing Assets/Tiles/Wall_20.asset using Guid(8eb548a46da800345ac7693977868598) Importer(815301076,1909f56bfc062723c751e8b465ee728b)  -> (artifact id: '8bc988fd5f740d2b78707ca2cb09b48c') in 0.011967 seconds
Number of updated asset objects reloaded before import = 0
Number of asset objects unloaded after import = 3
========================================================================
Received Import Request.
  Time since last request: 0.000017 seconds.
  path: Assets/Tiles/Wall_13.asset
  artifactKey: Guid(14781ed49c60c484fba1f5d931d56fee) Importer(815301076,1909f56bfc062723c751e8b465ee728b)
Start importing Assets/Tiles/Wall_13.asset using Guid(14781ed49c60c484fba1f5d931d56fee) Importer(815301076,1909f56bfc062723c751e8b465ee728b)  -> (artifact id: 'a6d5900dac8b46b04b16c970ef453246') in 0.012443 seconds
Number of updated asset objects reloaded before import = 0
Number of asset objects unloaded after import = 3
========================================================================
Received Import Request.
  Time since last request: 0.000021 seconds.
  path: Assets/Tiles/Wall_29.asset
  artifactKey: Guid(694e3834ae58f0f4f9f7b4bfae6f814f) Importer(815301076,1909f56bfc062723c751e8b465ee728b)
Start importing Assets/Tiles/Wall_29.asset using Guid(694e3834ae58f0f4f9f7b4bfae6f814f) Importer(815301076,1909f56bfc062723c751e8b465ee728b)  -> (artifact id: '35f73f08ad772e3d77c96dd362e6335d') in 0.011738 seconds
Number of updated asset objects reloaded before import = 0
Number of asset objects unloaded after import = 3
========================================================================
Received Import Request.
  Time since last request: 0.000016 seconds.
  path: Assets/Tiles/Wall_31.asset
  artifactKey: Guid(1aa4f74fcddd70c4ca02694c63096c8b) Importer(815301076,1909f56bfc062723c751e8b465ee728b)
Start importing Assets/Tiles/Wall_31.asset using Guid(1aa4f74fcddd70c4ca02694c63096c8b) Importer(815301076,1909f56bfc062723c751e8b465ee728b)  -> (artifact id: 'fa54d64af21a45284e3fdd13c29684f9') in 0.010009 seconds
Number of updated asset objects reloaded before import = 0
Number of asset objects unloaded after import = 3
========================================================================
Received Import Request.
  Time since last request: 0.000024 seconds.
  path: Assets/Tiles/Wall_08.asset
  artifactKey: Guid(2bb9dc444c4a1574e8966d6d9fbd4a34) Importer(815301076,1909f56bfc062723c751e8b465ee728b)
Start importing Assets/Tiles/Wall_08.asset using Guid(2bb9dc444c4a1574e8966d6d9fbd4a34) Importer(815301076,1909f56bfc062723c751e8b465ee728b)  -> (artifact id: '620abf5768bc96b6662c44930525533d') in 0.010595 seconds
Number of updated asset objects reloaded before import = 0
Number of asset objects unloaded after import = 3
========================================================================
Received Import Request.
  Time since last request: 0.000030 seconds.
  path: Assets/Tiles/Wall_07.asset
  artifactKey: Guid(f40bcec3b767972419924e8252848a74) Importer(815301076,1909f56bfc062723c751e8b465ee728b)
Start importing Assets/Tiles/Wall_07.asset using Guid(f40bcec3b767972419924e8252848a74) Importer(815301076,1909f56bfc062723c751e8b465ee728b)  -> (artifact id: 'ddfaa241b78a74471239fc38e24f520b') in 0.011337 seconds
Number of updated asset objects reloaded before import = 0
Number of asset objects unloaded after import = 3
========================================================================
Received Import Request.
  Time since last request: 0.000105 seconds.
  path: Assets/Tiles/Wall_28.asset
  artifactKey: Guid(523d267ef74c8024f838188a18379b18) Importer(815301076,1909f56bfc062723c751e8b465ee728b)
Start importing Assets/Tiles/Wall_28.asset using Guid(523d267ef74c8024f838188a18379b18) Importer(815301076,1909f56bfc062723c751e8b465ee728b)  -> (artifact id: 'ba8db7529f40b962475e97a13f8b83e4') in 0.018273 seconds
Number of updated asset objects reloaded before import = 0
Number of asset objects unloaded after import = 3
========================================================================
Received Import Request.
  Time since last request: 0.000042 seconds.
  path: Assets/Tiles/Wall_00.asset
  artifactKey: Guid(29bb6b1dc9f2bea4889e7693da2ab8a4) Importer(815301076,1909f56bfc062723c751e8b465ee728b)
Start importing Assets/Tiles/Wall_00.asset using Guid(29bb6b1dc9f2bea4889e7693da2ab8a4) Importer(815301076,1909f56bfc062723c751e8b465ee728b)  -> (artifact id: '6b3a985ff71f5b2a12225e5faae0d580') in 0.011185 seconds
Number of updated asset objects reloaded before import = 0
Number of asset objects unloaded after import = 3
========================================================================
Received Import Request.
  Time since last request: 0.000031 seconds.
  path: Assets/Tiles/Wall_02.asset
  artifactKey: Guid(47e031cce2bcc6e46ad74661859bf408) Importer(815301076,1909f56bfc062723c751e8b465ee728b)
Start importing Assets/Tiles/Wall_02.asset using Guid(47e031cce2bcc6e46ad74661859bf408) Importer(815301076,1909f56bfc062723c751e8b465ee728b)  -> (artifact id: '81831e9b439571f0e7a568e269c20ecb') in 0.011909 seconds
Number of updated asset objects reloaded before import = 0
Number of asset objects unloaded after import = 3
Editor requested this worker to shutdown with reason: Scaling down because of idle timeout
TcpMessagingSession - receive error: operation aborted. errorcode: 995, details: The I/O operation has been aborted because of either a thread exit or an application request.
AssetImportWorker is now disconnected from the server
Process exiting
Exiting without the bug reporter. Application will terminate with return code 0